<?xml version="1.0" encoding="UTF-8"?>
<testng-results skipped="0" failed="0" ignored="0" total="1" passed="1">
  <reporter-output>
  </reporter-output>
  <suite name="Suite" duration-ms="37859" started-at="2021-02-10T00:08:39 IST" finished-at="2021-02-10T00:09:16 IST">
    <groups>
    </groups>
    <test name="Test" duration-ms="37859" started-at="2021-02-10T00:08:39 IST" finished-at="2021-02-10T00:09:16 IST">
      <class name="Maven.selenium.testNG">
        <test-method status="PASS" signature="setUp()[pri:0, instance:Maven.selenium.testNG@cd2dae5]" name="setUp" is-config="true" duration-ms="3577" started-at="2021-02-10T00:08:39 IST" finished-at="2021-02-10T00:08:42 IST">
          <reporter-output>
          </reporter-output>
        </test-method> <!-- setUp -->
        <test-method status="PASS" signature="testmethod()[pri:0, instance:Maven.selenium.testNG@cd2dae5]" name="testmethod" duration-ms="34199" started-at="2021-02-10T00:08:42 IST" finished-at="2021-02-10T00:09:16 IST">
          <reporter-output>
          </reporter-output>
        </test-method> <!-- testmethod -->
        <test-method status="PASS" signature="tearDown()[pri:0, instance:Maven.selenium.testNG@cd2dae5]" name="tearDown" is-config="true" duration-ms="51" started-at="2021-02-10T00:09:16 IST" finished-at="2021-02-10T00:09:16 IST">
          <reporter-output>
          </reporter-output>
        </test-method> <!-- tearDown -->
      </class> <!-- Maven.selenium.testNG -->
    </test> <!-- Test -->
  </suite> <!-- Suite -->
</testng-results>
